===FRAME 0===
Distance: 3.6056
LJ Energy (J): -0.0018
LJ Force (N): -0.0030

Ar1 Vitals: Atom(s=[3.9996, 4.9994], v=[-0.0008, -0.0013])
Ar2 Vitals: Atom(s=[5.9996, 7.9994], v=[-0.0008, -0.0013])
Time since last out: 1633513101.2134914
===FRAME 10000===
Distance: 3.6056
LJ Energy (J): -0.0018
LJ Force (N): -0.0030

Ar1 Vitals: Atom(s=[3.9983, 4.9975], v=[-0.0017, -0.0025])
Ar2 Vitals: Atom(s=[5.9983, 7.9975], v=[-0.0017, -0.0025])
Time since last out: 1633513101.2145565
===FRAME 20000===
Distance: 3.6056
LJ Energy (J): -0.0018
LJ Force (N): -0.0030

Ar1 Vitals: Atom(s=[3.9962, 4.9943], v=[-0.0025, -0.0038])
Ar2 Vitals: Atom(s=[5.9962, 7.9943], v=[-0.0025, -0.0038])
Time since last out: 1633513101.215821
===FRAME 30000===
Distance: 3.6056
LJ Energy (J): -0.0018
LJ Force (N): -0.0030

Ar1 Vitals: Atom(s=[3.9933, 4.9899], v=[-0.0034, -0.005])
Ar2 Vitals: Atom(s=[5.9933, 7.9899], v=[-0.0034, -0.005])
Time since last out: 1633513101.216848
===FRAME 40000===
Distance: 3.6056
LJ Energy (J): -0.0018
LJ Force (N): -0.0030

Ar1 Vitals: Atom(s=[3.9895, 4.9843], v=[-0.0042, -0.0063])
Ar2 Vitals: Atom(s=[5.9895, 7.9843], v=[-0.0042, -0.0063])
Time since last out: 1633513101.2176726
===FRAME 50000===
Distance: 3.6056
LJ Energy (J): -0.0018
LJ Force (N): -0.0030

Ar1 Vitals: Atom(s=[3.9849, 4.9773], v=[-0.005, -0.0076])
Ar2 Vitals: Atom(s=[5.9849, 7.9773], v=[-0.005, -0.0076])
Time since last out: 1633513101.2184553
===FRAME 60000===
Distance: 3.6056
LJ Energy (J): -0.0018
LJ Force (N): -0.0030

Ar1 Vitals: Atom(s=[3.9794, 4.9691], v=[-0.0059, -0.0088])
Ar2 Vitals: Atom(s=[5.9794, 7.9691], v=[-0.0059, -0.0088])
Time since last out: 1633513101.219212
===FRAME 70000===
Distance: 3.6056
LJ Energy (J): -0.0018
LJ Force (N): -0.0030

Ar1 Vitals: Atom(s=[3.9731, 4.9597], v=[-0.0067, -0.0101])
Ar2 Vitals: Atom(s=[5.9731, 7.9597], v=[-0.0067, -0.0101])
Time since last out: 1633513101.2199936
===FRAME 80000===
Distance: 3.6056
LJ Energy (J): -0.0018
LJ Force (N): -0.0030

Ar1 Vitals: Atom(s=[3.966, 4.949], v=[-0.0076, -0.0113])
Ar2 Vitals: Atom(s=[5.966, 7.949], v=[-0.0076, -0.0113])
Time since last out: 1633513101.220768
===FRAME 90000===
Distance: 3.6056
LJ Energy (J): -0.0018
LJ Force (N): -0.0030

Ar1 Vitals: Atom(s=[3.958, 4.937], v=[-0.0084, -0.0126])
Ar2 Vitals: Atom(s=[5.958, 7.937], v=[-0.0084, -0.0126])
Time since last out: 1633513101.2216842
===FRAME 100000===
Distance: 3.6056
LJ Energy (J): -0.0018
LJ Force (N): -0.0030

Ar1 Vitals: Atom(s=[3.9492, 4.9238], v=[-0.0092, -0.0139])
Ar2 Vitals: Atom(s=[5.9492, 7.9238], v=[-0.0092, -0.0139])
Time since last out: 1633513101.2224605
===FRAME 110000===
Distance: 3.6056
LJ Energy (J): -0.0018
LJ Force (N): -0.0030

Ar1 Vitals: Atom(s=[3.9396, 4.9093], v=[-0.0101, -0.0151])
Ar2 Vitals: Atom(s=[5.9396, 7.9093], v=[-0.0101, -0.0151])
Time since last out: 1633513101.2232327
===FRAME 120000===
Distance: 3.6056
LJ Energy (J): -0.0018
LJ Force (N): -0.0030

Ar1 Vitals: Atom(s=[3.9291, 4.8936], v=[-0.0109, -0.0164])
Ar2 Vitals: Atom(s=[5.9291, 7.8936], v=[-0.0109, -0.0164])
Time since last out: 1633513101.2239966
===FRAME 130000===
Distance: 3.6056
LJ Energy (J): -0.0018
LJ Force (N): -0.0030

Ar1 Vitals: Atom(s=[3.9177, 4.8766], v=[-0.0118, -0.0176])
Ar2 Vitals: Atom(s=[5.9177, 7.8766], v=[-0.0118, -0.0176])
Time since last out: 1633513101.2247438
===FRAME 140000===
Distance: 3.6056
LJ Energy (J): -0.0018
LJ Force (N): -0.0030

Ar1 Vitals: Atom(s=[3.9056, 4.8583], v=[-0.0126, -0.0189])
Ar2 Vitals: Atom(s=[5.9056, 7.8583], v=[-0.0126, -0.0189])
Time since last out: 1633513101.2255445
===FRAME 150000===
Distance: 3.6056
LJ Energy (J): -0.0018
LJ Force (N): -0.0030

Ar1 Vitals: Atom(s=[3.8925, 4.8388], v=[-0.0134, -0.0201])
Ar2 Vitals: Atom(s=[5.8925, 7.8388], v=[-0.0134, -0.0201])
Time since last out: 1633513101.2263129
===FRAME 160000===
Distance: 3.6056
LJ Energy (J): -0.0018
LJ Force (N): -0.0030

Ar1 Vitals: Atom(s=[3.8787, 4.818], v=[-0.0143, -0.0214])
Ar2 Vitals: Atom(s=[5.8787, 7.818], v=[-0.0143, -0.0214])
Time since last out: 1633513101.227097
===FRAME 170000===
Distance: 3.6056
LJ Energy (J): -0.0018
LJ Force (N): -0.0030

Ar1 Vitals: Atom(s=[3.864, 4.796], v=[-0.0151, -0.0227])
Ar2 Vitals: Atom(s=[5.864, 7.796], v=[-0.0151, -0.0227])
Time since last out: 1633513101.2279372
===FRAME 180000===
Distance: 3.6056
LJ Energy (J): -0.0018
LJ Force (N): -0.0030

Ar1 Vitals: Atom(s=[3.8485, 4.7727], v=[-0.016, -0.0239])
Ar2 Vitals: Atom(s=[5.8485, 7.7727], v=[-0.016, -0.0239])
Time since last out: 1633513101.228788
===FRAME 190000===
Distance: 3.6056
LJ Energy (J): -0.0018
LJ Force (N): -0.0030

Ar1 Vitals: Atom(s=[3.8321, 4.7481], v=[-0.0168, -0.0252])
Ar2 Vitals: Atom(s=[5.8321, 7.7481], v=[-0.0168, -0.0252])
Time since last out: 1633513101.229687
===FRAME 200000===
Distance: 3.6056
LJ Energy (J): -0.0018
LJ Force (N): -0.0030

Ar1 Vitals: Atom(s=[3.8149, 4.7223], v=[-0.0176, -0.0264])
Ar2 Vitals: Atom(s=[5.8149, 7.7223], v=[-0.0176, -0.0264])
Time since last out: 1633513101.2305455
===FRAME 210000===
Distance: 3.6056
LJ Energy (J): -0.0018
LJ Force (N): -0.0030

Ar1 Vitals: Atom(s=[3.7968, 4.6952], v=[-0.0185, -0.0277])
Ar2 Vitals: Atom(s=[5.7968, 7.6952], v=[-0.0185, -0.0277])
Time since last out: 1633513101.2313552
===FRAME 220000===
Distance: 3.6056
LJ Energy (J): -0.0018
LJ Force (N): -0.0030

Ar1 Vitals: Atom(s=[3.7779, 4.6669], v=[-0.0193, -0.029])
Ar2 Vitals: Atom(s=[5.7779, 7.6669], v=[-0.0193, -0.029])
Time since last out: 1633513101.232087
===FRAME 230000===
Distance: 3.6056
LJ Energy (J): -0.0018
LJ Force (N): -0.0030

Ar1 Vitals: Atom(s=[3.7582, 4.6373], v=[-0.0201, -0.0302])
Ar2 Vitals: Atom(s=[5.7582, 7.6373], v=[-0.0201, -0.0302])
Time since last out: 1633513101.232796
===FRAME 240000===
Distance: 3.6056
LJ Energy (J): -0.0018
LJ Force (N): -0.0030

Ar1 Vitals: Atom(s=[3.7376, 4.6065], v=[-0.021, -0.0315])
Ar2 Vitals: Atom(s=[5.7376, 7.6065], v=[-0.021, -0.0315])
Time since last out: 1633513101.2335124
===FRAME 250000===
Distance: 3.6056
LJ Energy (J): -0.0018
LJ Force (N): -0.0030

Ar1 Vitals: Atom(s=[3.7162, 4.5744], v=[-0.0218, -0.0327])
Ar2 Vitals: Atom(s=[5.7162, 7.5744], v=[-0.0218, -0.0327])
Time since last out: 1633513101.2342029
===FRAME 260000===
Distance: 3.6056
LJ Energy (J): -0.0018
LJ Force (N): -0.0030

Ar1 Vitals: Atom(s=[3.694, 4.541], v=[-0.0227, -0.034])
Ar2 Vitals: Atom(s=[5.694, 7.541], v=[-0.0227, -0.034])
Time since last out: 1633513101.2348826
===FRAME 270000===
Distance: 3.6056
LJ Energy (J): -0.0018
LJ Force (N): -0.0030

Ar1 Vitals: Atom(s=[3.6709, 4.5063], v=[-0.0235, -0.0353])
Ar2 Vitals: Atom(s=[5.6709, 7.5063], v=[-0.0235, -0.0353])
Time since last out: 1633513101.2355115
===FRAME 280000===
Distance: 3.6056
LJ Energy (J): -0.0018
LJ Force (N): -0.0030

Ar1 Vitals: Atom(s=[3.647, 4.4705], v=[-0.0243, -0.0365])
Ar2 Vitals: Atom(s=[5.647, 7.4705], v=[-0.0243, -0.0365])
Time since last out: 1633513101.23624
===FRAME 290000===
Distance: 3.6056
LJ Energy (J): -0.0018
LJ Force (N): -0.0030

Ar1 Vitals: Atom(s=[3.6222, 4.4333], v=[-0.0252, -0.0378])
Ar2 Vitals: Atom(s=[5.6222, 7.4333], v=[-0.0252, -0.0378])
Time since last out: 1633513101.2369313
===FRAME 300000===
Distance: 3.6056
LJ Energy (J): -0.0018
LJ Force (N): -0.0030

Ar1 Vitals: Atom(s=[3.5966, 4.3949], v=[-0.026, -0.039])
Ar2 Vitals: Atom(s=[5.5966, 7.3949], v=[-0.026, -0.039])
Time since last out: 1633513101.2375805
===FRAME 310000===
Distance: 3.6056
LJ Energy (J): -0.0018
LJ Force (N): -0.0030

Ar1 Vitals: Atom(s=[3.5702, 4.3552], v=[-0.0269, -0.0403])
Ar2 Vitals: Atom(s=[5.5702, 7.3552], v=[-0.0269, -0.0403])
Time since last out: 1633513101.2382505
===FRAME 320000===
Distance: 3.6056
LJ Energy (J): -0.0018
LJ Force (N): -0.0030

Ar1 Vitals: Atom(s=[3.5429, 4.3143], v=[-0.0277, -0.0416])
Ar2 Vitals: Atom(s=[5.5429, 7.3143], v=[-0.0277, -0.0416])
Time since last out: 1633513101.2389426
===FRAME 330000===
Distance: 3.6056
LJ Energy (J): -0.0018
LJ Force (N): -0.0030

Ar1 Vitals: Atom(s=[3.5147, 4.2721], v=[-0.0285, -0.0428])
Ar2 Vitals: Atom(s=[5.5147, 7.2721], v=[-0.0285, -0.0428])
Time since last out: 1633513101.2395878
===FRAME 340000===
Distance: 3.6056
LJ Energy (J): -0.0018
LJ Force (N): -0.0030

Ar1 Vitals: Atom(s=[3.4858, 4.2287], v=[-0.0294, -0.0441])
Ar2 Vitals: Atom(s=[5.4858, 7.2287], v=[-0.0294, -0.0441])
Time since last out: 1633513101.2403116
===FRAME 350000===
Distance: 3.6056
LJ Energy (J): -0.0018
LJ Force (N): -0.0030

Ar1 Vitals: Atom(s=[3.456, 4.184], v=[-0.0302, -0.0453])
Ar2 Vitals: Atom(s=[5.456, 7.184], v=[-0.0302, -0.0453])
Time since last out: 1633513101.240997
===FRAME 360000===
Distance: 3.6056
LJ Energy (J): -0.0018
LJ Force (N): -0.0030

Ar1 Vitals: Atom(s=[3.4253, 4.138], v=[-0.0311, -0.0466])
Ar2 Vitals: Atom(s=[5.4253, 7.138], v=[-0.0311, -0.0466])
Time since last out: 1633513101.2416434
===FRAME 370000===
Distance: 3.6056
LJ Energy (J): -0.0018
LJ Force (N): -0.0030

Ar1 Vitals: Atom(s=[3.3939, 4.0908], v=[-0.0319, -0.0479])
Ar2 Vitals: Atom(s=[5.3939, 7.0908], v=[-0.0319, -0.0479])
Time since last out: 1633513101.2423086
===FRAME 380000===
Distance: 3.6056
LJ Energy (J): -0.0018
LJ Force (N): -0.0030

Ar1 Vitals: Atom(s=[3.3615, 4.0423], v=[-0.0327, -0.0491])
Ar2 Vitals: Atom(s=[5.3615, 7.0423], v=[-0.0327, -0.0491])
Time since last out: 1633513101.2430005
===FRAME 390000===
Distance: 3.6056
LJ Energy (J): -0.0018
LJ Force (N): -0.0030

Ar1 Vitals: Atom(s=[3.3284, 3.9925], v=[-0.0336, -0.0504])
Ar2 Vitals: Atom(s=[5.3284, 6.9925], v=[-0.0336, -0.0504])
Time since last out: 1633513101.2436676
===FRAME 400000===
Distance: 3.6056
LJ Energy (J): -0.0018
LJ Force (N): -0.0030

Ar1 Vitals: Atom(s=[3.2944, 3.9415], v=[-0.0344, -0.0516])
Ar2 Vitals: Atom(s=[5.2944, 6.9415], v=[-0.0344, -0.0516])
Time since last out: 1633513101.2443905
===FRAME 410000===
Distance: 3.6056
LJ Energy (J): -0.0018
LJ Force (N): -0.0030

Ar1 Vitals: Atom(s=[3.2595, 3.8893], v=[-0.0353, -0.0529])
Ar2 Vitals: Atom(s=[5.2595, 6.8893], v=[-0.0353, -0.0529])
Time since last out: 1633513101.2450829
===FRAME 420000===
Distance: 3.6056
LJ Energy (J): -0.0018
LJ Force (N): -0.0030

Ar1 Vitals: Atom(s=[3.2238, 3.8358], v=[-0.0361, -0.0542])
Ar2 Vitals: Atom(s=[5.2238, 6.8358], v=[-0.0361, -0.0542])
Time since last out: 1633513101.2457418
===FRAME 430000===
Distance: 3.6056
LJ Energy (J): -0.0018
LJ Force (N): -0.0030

Ar1 Vitals: Atom(s=[3.1873, 3.781], v=[-0.0369, -0.0554])
Ar2 Vitals: Atom(s=[5.1873, 6.781], v=[-0.0369, -0.0554])
Time since last out: 1633513101.2464285
===FRAME 440000===
Distance: 3.6056
LJ Energy (J): -0.0018
LJ Force (N): -0.0030

Ar1 Vitals: Atom(s=[3.15, 3.7249], v=[-0.0378, -0.0567])
Ar2 Vitals: Atom(s=[5.15, 6.7249], v=[-0.0378, -0.0567])
Time since last out: 1633513101.2471209
===FRAME 450000===
Distance: 3.6056
LJ Energy (J): -0.0018
LJ Force (N): -0.0030

Ar1 Vitals: Atom(s=[3.1118, 3.6676], v=[-0.0386, -0.0579])
Ar2 Vitals: Atom(s=[5.1118, 6.6676], v=[-0.0386, -0.0579])
Time since last out: 1633513101.2477767
===FRAME 460000===
Distance: 3.6056
LJ Energy (J): -0.0018
LJ Force (N): -0.0030

Ar1 Vitals: Atom(s=[3.0727, 3.6091], v=[-0.0395, -0.0592])
Ar2 Vitals: Atom(s=[5.0727, 6.6091], v=[-0.0395, -0.0592])
Time since last out: 1633513101.2484627
===FRAME 470000===
Distance: 3.6056
LJ Energy (J): -0.0018
LJ Force (N): -0.0030

Ar1 Vitals: Atom(s=[3.0328, 3.5493], v=[-0.0403, -0.0604])
Ar2 Vitals: Atom(s=[5.0328, 6.5493], v=[-0.0403, -0.0604])
Time since last out: 1633513101.2491524
===FRAME 480000===
Distance: 3.6056
LJ Energy (J): -0.0018
LJ Force (N): -0.0030

Ar1 Vitals: Atom(s=[2.9921, 3.4882], v=[-0.0411, -0.0617])
Ar2 Vitals: Atom(s=[4.9921, 6.4882], v=[-0.0411, -0.0617])
Time since last out: 1633513101.2497978
===FRAME 490000===
Distance: 3.6056
LJ Energy (J): -0.0018
LJ Force (N): -0.0030

Ar1 Vitals: Atom(s=[2.9506, 3.4259], v=[-0.042, -0.063])
Ar2 Vitals: Atom(s=[4.9506, 6.4259], v=[-0.042, -0.063])
Time since last out: 1633513101.2505178
===FRAME 500000===
Distance: 3.6056
LJ Energy (J): -0.0018
LJ Force (N): -0.0030

Ar1 Vitals: Atom(s=[2.9082, 3.3623], v=[-0.0428, -0.0642])
Ar2 Vitals: Atom(s=[4.9082, 6.3623], v=[-0.0428, -0.0642])
Time since last out: 1633513101.2512097
===FRAME 510000===
Distance: 3.6056
LJ Energy (J): -0.0018
LJ Force (N): -0.0030

Ar1 Vitals: Atom(s=[2.8649, 3.2974], v=[-0.0437, -0.0655])
Ar2 Vitals: Atom(s=[4.8649, 6.2974], v=[-0.0437, -0.0655])
Time since last out: 1633513101.2518938
===FRAME 520000===
Distance: 3.6056
LJ Energy (J): -0.0018
LJ Force (N): -0.0030

Ar1 Vitals: Atom(s=[2.8209, 3.2313], v=[-0.0445, -0.0667])
Ar2 Vitals: Atom(s=[4.8209, 6.2313], v=[-0.0445, -0.0667])
Time since last out: 1633513101.2525554
===FRAME 530000===
Distance: 3.6056
LJ Energy (J): -0.0018
LJ Force (N): -0.0030

Ar1 Vitals: Atom(s=[2.7759, 3.1639], v=[-0.0453, -0.068])
Ar2 Vitals: Atom(s=[4.7759, 6.1639], v=[-0.0453, -0.068])
Time since last out: 1633513101.253245
===FRAME 540000===
Distance: 3.6056
LJ Energy (J): -0.0018
LJ Force (N): -0.0030

Ar1 Vitals: Atom(s=[2.7302, 3.0953], v=[-0.0462, -0.0693])
Ar2 Vitals: Atom(s=[4.7302, 6.0953], v=[-0.0462, -0.0693])
Time since last out: 1633513101.2539523
===FRAME 550000===
Distance: 3.6056
LJ Energy (J): -0.0018
LJ Force (N): -0.0030

Ar1 Vitals: Atom(s=[2.6836, 3.0254], v=[-0.047, -0.0705])
Ar2 Vitals: Atom(s=[4.6836, 6.0254], v=[-0.047, -0.0705])
Time since last out: 1633513101.254578
===FRAME 560000===
Distance: 3.6056
LJ Energy (J): -0.0018
LJ Force (N): -0.0030

Ar1 Vitals: Atom(s=[2.6362, 2.9542], v=[-0.0479, -0.0718])
Ar2 Vitals: Atom(s=[4.6362, 5.9542], v=[-0.0479, -0.0718])
Time since last out: 1633513101.255282
===FRAME 570000===
Distance: 3.6056
LJ Energy (J): -0.0018
LJ Force (N): -0.0030

Ar1 Vitals: Atom(s=[2.5879, 2.8818], v=[-0.0487, -0.073])
Ar2 Vitals: Atom(s=[4.5879, 5.8818], v=[-0.0487, -0.073])
Time since last out: 1633513101.2559652
===FRAME 580000===
Distance: 3.6056
LJ Energy (J): -0.0018
LJ Force (N): -0.0030

Ar1 Vitals: Atom(s=[2.5388, 2.8082], v=[-0.0495, -0.0743])
Ar2 Vitals: Atom(s=[4.5388, 5.8082], v=[-0.0495, -0.0743])
Time since last out: 1633513101.256656
===FRAME 590000===
Distance: 3.6056
LJ Energy (J): -0.0018
LJ Force (N): -0.0030

Ar1 Vitals: Atom(s=[2.4888, 2.7332], v=[-0.0504, -0.0756])
Ar2 Vitals: Atom(s=[4.4888, 5.7332], v=[-0.0504, -0.0756])
Time since last out: 1633513101.2573378
===FRAME 600000===
Distance: 3.6056
LJ Energy (J): -0.0018
LJ Force (N): -0.0030

Ar1 Vitals: Atom(s=[2.438, 2.657], v=[-0.0512, -0.0768])
Ar2 Vitals: Atom(s=[4.438, 5.657], v=[-0.0512, -0.0768])
Time since last out: 1633513101.258018
===FRAME 610000===
Distance: 3.6056
LJ Energy (J): -0.0018
LJ Force (N): -0.0030

Ar1 Vitals: Atom(s=[2.3864, 2.5796], v=[-0.0521, -0.0781])
Ar2 Vitals: Atom(s=[4.3864, 5.5796], v=[-0.0521, -0.0781])
Time since last out: 1633513101.2586658
===FRAME 620000===
Distance: 3.6056
LJ Energy (J): -0.0018
LJ Force (N): -0.0030

Ar1 Vitals: Atom(s=[2.3339, 2.5009], v=[-0.0529, -0.0793])
Ar2 Vitals: Atom(s=[4.3339, 5.5009], v=[-0.0529, -0.0793])
Time since last out: 1633513101.2593436
===FRAME 630000===
Distance: 3.6056
LJ Energy (J): -0.0018
LJ Force (N): -0.0030

Ar1 Vitals: Atom(s=[2.2806, 2.4209], v=[-0.0537, -0.0806])
Ar2 Vitals: Atom(s=[4.2806, 5.4209], v=[-0.0537, -0.0806])
Time since last out: 1633513101.2600389
===FRAME 640000===
Distance: 3.6056
LJ Energy (J): -0.0018
LJ Force (N): -0.0030

Ar1 Vitals: Atom(s=[2.2265, 2.3397], v=[-0.0546, -0.0819])
Ar2 Vitals: Atom(s=[4.2265, 5.3397], v=[-0.0546, -0.0819])
Time since last out: 1633513101.2606988
===FRAME 650000===
Distance: 3.6056
LJ Energy (J): -0.0018
LJ Force (N): -0.0030

Ar1 Vitals: Atom(s=[2.1715, 2.2572], v=[-0.0554, -0.0831])
Ar2 Vitals: Atom(s=[4.1715, 5.2572], v=[-0.0554, -0.0831])
Time since last out: 1633513101.261384
===FRAME 660000===
Distance: 3.6056
LJ Energy (J): -0.0018
LJ Force (N): -0.0030

Ar1 Vitals: Atom(s=[2.1156, 2.1735], v=[-0.0562, -0.0844])
Ar2 Vitals: Atom(s=[4.1156, 5.1735], v=[-0.0562, -0.0844])
Time since last out: 1633513101.2621098
===FRAME 670000===
Distance: 3.6056
LJ Energy (J): -0.0018
LJ Force (N): -0.0030

Ar1 Vitals: Atom(s=[2.059, 2.0885], v=[-0.0571, -0.0856])
Ar2 Vitals: Atom(s=[4.059, 5.0885], v=[-0.0571, -0.0856])
Time since last out: 1633513101.2627327
===FRAME 680000===
Distance: 3.6056
LJ Energy (J): -0.0018
LJ Force (N): -0.0030

Ar1 Vitals: Atom(s=[2.0015, 2.0022], v=[-0.0579, -0.0869])
Ar2 Vitals: Atom(s=[4.0015, 5.0022], v=[-0.0579, -0.0869])
Time since last out: 1633513101.2634466
===FRAME 690000===
Distance: 3.6056
LJ Energy (J): -0.0018
LJ Force (N): -0.0030

Ar1 Vitals: Atom(s=[1.9431, 1.9147], v=[-0.0588, -0.0882])
Ar2 Vitals: Atom(s=[3.9431, 4.9147], v=[-0.0588, -0.0882])
Time since last out: 1633513101.2641385
===FRAME 700000===
Distance: 3.6056
LJ Energy (J): -0.0018
LJ Force (N): -0.0030

Ar1 Vitals: Atom(s=[1.8839, 1.8259], v=[-0.0596, -0.0894])
Ar2 Vitals: Atom(s=[3.8839, 4.8259], v=[-0.0596, -0.0894])
Time since last out: 1633513101.264774
===FRAME 710000===
Distance: 3.6056
LJ Energy (J): -0.0018
LJ Force (N): -0.0030

Ar1 Vitals: Atom(s=[1.8239, 1.7359], v=[-0.0604, -0.0907])
Ar2 Vitals: Atom(s=[3.8239, 4.7359], v=[-0.0604, -0.0907])
Time since last out: 1633513101.265465
===FRAME 720000===
Distance: 3.6056
LJ Energy (J): -0.0018
LJ Force (N): -0.0030

Ar1 Vitals: Atom(s=[1.763, 1.6446], v=[-0.0613, -0.0919])
Ar2 Vitals: Atom(s=[3.763, 4.6446], v=[-0.0613, -0.0919])
Time since last out: 1633513101.2661738
===FRAME 730000===
Distance: 3.6056
LJ Energy (J): -0.0018
LJ Force (N): -0.0030

Ar1 Vitals: Atom(s=[1.7013, 1.552], v=[-0.0621, -0.0932])
Ar2 Vitals: Atom(s=[3.7013, 4.552], v=[-0.0621, -0.0932])
Time since last out: 1633513101.2668877
===FRAME 740000===
Distance: 3.6056
LJ Energy (J): -0.0018
LJ Force (N): -0.0030

Ar1 Vitals: Atom(s=[1.6388, 1.4582], v=[-0.063, -0.0944])
Ar2 Vitals: Atom(s=[3.6388, 4.4582], v=[-0.063, -0.0944])
Time since last out: 1633513101.2675061
===FRAME 750000===
Distance: 3.6056
LJ Energy (J): -0.0018
LJ Force (N): -0.0030

Ar1 Vitals: Atom(s=[1.5754, 1.3631], v=[-0.0638, -0.0957])
Ar2 Vitals: Atom(s=[3.5754, 4.3631], v=[-0.0638, -0.0957])
Time since last out: 1633513101.2682495
===FRAME 760000===
Distance: 3.6056
LJ Energy (J): -0.0018
LJ Force (N): -0.0030

Ar1 Vitals: Atom(s=[1.5112, 1.2668], v=[-0.0646, -0.097])
Ar2 Vitals: Atom(s=[3.5112, 4.2668], v=[-0.0646, -0.097])
Time since last out: 1633513101.2689512
===FRAME 770000===
Distance: 3.6056
LJ Energy (J): -0.0018
LJ Force (N): -0.0030

Ar1 Vitals: Atom(s=[1.4461, 1.1692], v=[-0.0655, -0.0982])
Ar2 Vitals: Atom(s=[3.4461, 4.1692], v=[-0.0655, -0.0982])
Time since last out: 1633513101.2695906
===FRAME 780000===
Distance: 3.6056
LJ Energy (J): -0.0018
LJ Force (N): -0.0030

Ar1 Vitals: Atom(s=[1.3802, 1.0703], v=[-0.0663, -0.0995])
Ar2 Vitals: Atom(s=[3.3802, 4.0703], v=[-0.0663, -0.0995])
Time since last out: 1633513101.270225
===FRAME 790000===
Distance: 3.6056
LJ Energy (J): -0.0018
LJ Force (N): -0.0030

Ar1 Vitals: Atom(s=[1.3135, 0.9702], v=[-0.0672, -0.1007])
Ar2 Vitals: Atom(s=[3.3135, 3.9702], v=[-0.0672, -0.1007])
Time since last out: 1633513101.2708924
===FRAME 800000===
Distance: 3.6056
LJ Energy (J): -0.0018
LJ Force (N): -0.0030

Ar1 Vitals: Atom(s=[1.2459, 0.8688], v=[-0.068, -0.102])
Ar2 Vitals: Atom(s=[3.2459, 3.8688], v=[-0.068, -0.102])
Time since last out: 1633513101.271486
===FRAME 810000===
Distance: 3.6056
LJ Energy (J): -0.0018
LJ Force (N): -0.0030

Ar1 Vitals: Atom(s=[1.1775, 0.7662], v=[-0.0688, -0.1033])
Ar2 Vitals: Atom(s=[3.1775, 3.7662], v=[-0.0688, -0.1033])
Time since last out: 1633513101.272182
===FRAME 820000===
Distance: 3.6056
LJ Energy (J): -0.0018
LJ Force (N): -0.0030

Ar1 Vitals: Atom(s=[1.1082, 0.6623], v=[-0.0697, -0.1045])
Ar2 Vitals: Atom(s=[3.1082, 3.6623], v=[-0.0697, -0.1045])
Time since last out: 1633513101.2728586
===FRAME 830000===
Distance: 3.6056
LJ Energy (J): -0.0018
LJ Force (N): -0.0030

Ar1 Vitals: Atom(s=[1.0381, 0.5571], v=[-0.0705, -0.1058])
Ar2 Vitals: Atom(s=[3.0381, 3.5571], v=[-0.0705, -0.1058])
Time since last out: 1633513101.2735438
===FRAME 840000===
Distance: 3.6056
LJ Energy (J): -0.0018
LJ Force (N): -0.0030

Ar1 Vitals: Atom(s=[0.9672, 0.4507], v=[-0.0714, -0.107])
Ar2 Vitals: Atom(s=[2.9672, 3.4507], v=[-0.0714, -0.107])
Time since last out: 1633513101.2742517
===FRAME 850000===
Distance: 3.6056
LJ Energy (J): -0.0018
LJ Force (N): -0.0030

Ar1 Vitals: Atom(s=[0.8954, 0.3431], v=[-0.0722, -0.1083])
Ar2 Vitals: Atom(s=[2.8954, 3.3431], v=[-0.0722, -0.1083])
Time since last out: 1633513101.2749944
===FRAME 860000===
Distance: 3.6056
LJ Energy (J): -0.0018
LJ Force (N): -0.0030

Ar1 Vitals: Atom(s=[0.8228, 0.2341], v=[-0.073, -0.1096])
Ar2 Vitals: Atom(s=[2.8228, 3.2341], v=[-0.073, -0.1096])
Time since last out: 1633513101.275695
===FRAME 870000===
Distance: 3.6056
LJ Energy (J): -0.0018
LJ Force (N): -0.0030

Ar1 Vitals: Atom(s=[0.7493, 0.1239], v=[-0.0739, -0.1108])
Ar2 Vitals: Atom(s=[2.7493, 3.1239], v=[-0.0739, -0.1108])
Time since last out: 1633513101.27635
===FRAME 880000===
Distance: 3.6056
LJ Energy (J): -0.0018
LJ Force (N): -0.0030

Ar1 Vitals: Atom(s=[0.675, 0.0125], v=[-0.0747, -0.1121])
Ar2 Vitals: Atom(s=[2.675, 3.0125], v=[-0.0747, -0.1121])
Time since last out: 1633513101.2770522
===FRAME 890000===
Distance: 3.6056
LJ Energy (J): -0.0018
LJ Force (N): -0.0030

Ar1 Vitals: Atom(s=[0.5999, -0.1002], v=[-0.0756, -0.1133])
Ar2 Vitals: Atom(s=[2.5999, 2.8998], v=[-0.0756, -0.1133])
Time since last out: 1633513101.2777166
===FRAME 900000===
Distance: 3.6056
LJ Energy (J): -0.0018
LJ Force (N): -0.0030

Ar1 Vitals: Atom(s=[0.5239, -0.2142], v=[-0.0764, -0.1146])
Ar2 Vitals: Atom(s=[2.5239, 2.7858], v=[-0.0764, -0.1146])
Time since last out: 1633513101.2783737
===FRAME 910000===
Distance: 3.6056
LJ Energy (J): -0.0018
LJ Force (N): -0.0030

Ar1 Vitals: Atom(s=[0.4471, -0.3294], v=[-0.0772, -0.1159])
Ar2 Vitals: Atom(s=[2.4471, 2.6706], v=[-0.0772, -0.1159])
Time since last out: 1633513101.2790546
===FRAME 920000===
Distance: 3.6056
LJ Energy (J): -0.0018
LJ Force (N): -0.0030

Ar1 Vitals: Atom(s=[0.3694, -0.4459], v=[-0.0781, -0.1171])
Ar2 Vitals: Atom(s=[2.3694, 2.5541], v=[-0.0781, -0.1171])
Time since last out: 1633513101.2797005
===FRAME 930000===
Distance: 3.6056
LJ Energy (J): -0.0018
LJ Force (N): -0.0030

Ar1 Vitals: Atom(s=[0.2909, -0.5636], v=[-0.0789, -0.1184])
Ar2 Vitals: Atom(s=[2.2909, 2.4364], v=[-0.0789, -0.1184])
Time since last out: 1633513101.280433
===FRAME 940000===
Distance: 3.6056
LJ Energy (J): -0.0018
LJ Force (N): -0.0030

Ar1 Vitals: Atom(s=[0.2116, -0.6826], v=[-0.0798, -0.1196])
Ar2 Vitals: Atom(s=[2.2116, 2.3174], v=[-0.0798, -0.1196])
Time since last out: 1633513101.2811286
===FRAME 950000===
Distance: 3.6056
LJ Energy (J): -0.0018
LJ Force (N): -0.0030

Ar1 Vitals: Atom(s=[0.1314, -0.8029], v=[-0.0806, -0.1209])
Ar2 Vitals: Atom(s=[2.1314, 2.1971], v=[-0.0806, -0.1209])
Time since last out: 1633513101.2818174
===FRAME 960000===
Distance: 3.6056
LJ Energy (J): -0.0018
LJ Force (N): -0.0030

Ar1 Vitals: Atom(s=[0.0504, -0.9244], v=[-0.0814, -0.1222])
Ar2 Vitals: Atom(s=[2.0504, 2.0756], v=[-0.0814, -0.1222])
Time since last out: 1633513101.2825346
===FRAME 970000===
Distance: 3.6056
LJ Energy (J): -0.0018
LJ Force (N): -0.0030

Ar1 Vitals: Atom(s=[-0.0315, -1.0472], v=[-0.0823, -0.1234])
Ar2 Vitals: Atom(s=[1.9685, 1.9528], v=[-0.0823, -0.1234])
Time since last out: 1633513101.283259
===FRAME 980000===
Distance: 3.6056
LJ Energy (J): -0.0018
LJ Force (N): -0.0030

Ar1 Vitals: Atom(s=[-0.1142, -1.1713], v=[-0.0831, -0.1247])
Ar2 Vitals: Atom(s=[1.8858, 1.8287], v=[-0.0831, -0.1247])
Time since last out: 1633513101.2839499
===FRAME 990000===
Distance: 3.6056
LJ Energy (J): -0.0018
LJ Force (N): -0.0030

Ar1 Vitals: Atom(s=[-0.1977, -1.2966], v=[-0.084, -0.1259])
Ar2 Vitals: Atom(s=[1.8023, 1.7034], v=[-0.084, -0.1259])
Time since last out: 1633513101.2845836
