
======
Distance: 0.3992nm
Energy: -113.8061K
Force: -804.8019
Particle A: Atom001
Particle B: Atom000
======
======
Distance: 0.3968nm
Energy: -115.7077K
Force: -769.6568
Particle A: Atom001
Particle B: Atom000
======
======
Distance: 0.3928nm
Energy: -118.5897K
Force: -696.0101
Particle A: Atom001
Particle B: Atom000
======
======
Distance: 0.3876nm
Energy: -121.9071K
Force: -558.5875
Particle A: Atom001
Particle B: Atom000
======
======
Distance: 0.3813nm
Energy: -124.7123K
Force: -319.5622
Particle A: Atom001
Particle B: Atom000
======
======
Distance: 0.3745nm
Energy: -125.6701K
Force: 63.0834
Particle A: Atom001
Particle B: Atom000
======
======
Distance: 0.3679nm
Energy: -123.5793K
Force: 601.7178
Particle A: Atom001
Particle B: Atom000
======
======
Distance: 0.3625nm
Energy: -118.7276K
Force: 1210.9584
Particle A: Atom001
Particle B: Atom000
======
======
Distance: 0.3592nm
Energy: -114.0935K
Force: 1663.6831
Particle A: Atom001
Particle B: Atom000
======
======
Distance: 0.3589nm
Energy: -113.5860K
Force: 1709.6696
Particle A: Atom001
Particle B: Atom000
======
======
Distance: 0.3616nm
Energy: -117.6786K
Force: 1319.8552
Particle A: Atom001
Particle B: Atom000
======
======
Distance: 0.3667nm
Energy: -122.8018K
Force: 719.4076
Particle A: Atom001
Particle B: Atom000
======
======
Distance: 0.3732nm
Energy: -125.5259K
Force: 156.0466
Particle A: Atom001
Particle B: Atom000
======
======
Distance: 0.3800nm
Energy: -125.0872K
Force: -257.7846
Particle A: Atom001
Particle B: Atom000
======
======
Distance: 0.3864nm
Energy: -122.5275K
Force: -521.5854
Particle A: Atom001
Particle B: Atom000
======
======
Distance: 0.3919nm
Energy: -119.2210K
Force: -675.3931
Particle A: Atom001
Particle B: Atom000
======
======
Distance: 0.3961nm
Energy: -116.2009K
Force: -759.0213
Particle A: Atom001
Particle B: Atom000
======
======
Distance: 0.3988nm
Energy: -114.0815K
Force: -800.2333
Particle A: Atom001
Particle B: Atom000
======
======
Distance: 0.4000nm
Energy: -113.1705K
Force: -814.7457
Particle A: Atom001
Particle B: Atom000
======
======
Distance: 0.3995nm
Energy: -113.5755K
Force: -808.5046
Particle A: Atom001
Particle B: Atom000
======
======
Distance: 0.3974nm
Energy: -115.2503K
Force: -778.9227
Particle A: Atom001
Particle B: Atom000
======
======
Distance: 0.3937nm
Energy: -117.9746K
Force: -714.3169
Particle A: Atom001
Particle B: Atom000
======
======
Distance: 0.3887nm
Energy: -121.2680K
Force: -591.8413
Particle A: Atom001
Particle B: Atom000
======
======
Distance: 0.3826nm
Energy: -124.2678K
Force: -375.9122
Particle A: Atom001
Particle B: Atom000
======
======
Distance: 0.3758nm
Energy: -125.6955K
Force: -23.7411
Particle A: Atom001
Particle B: Atom000
======
======
Distance: 0.3691nm
Energy: -124.2436K
Force: 487.2129
Particle A: Atom001
Particle B: Atom000
======
======
Distance: 0.3634nm
Energy: -119.7794K
Force: 1096.4294
Particle A: Atom001
Particle B: Atom000
======
======
Distance: 0.3596nm
Energy: -114.7670K
Force: 1601.7715
Particle A: Atom001
Particle B: Atom000
======
======
Distance: 0.3587nm
Energy: -113.2648K
Force: 1738.4905
Particle A: Atom001
Particle B: Atom000
======
======
Distance: 0.3609nm
Energy: -116.6659K
Force: 1420.8976
Particle A: Atom001
Particle B: Atom000
======
======
Distance: 0.3656nm
Energy: -121.9243K
Force: 839.0033
Particle A: Atom001
Particle B: Atom000
======
======
Distance: 0.3719nm
Energy: -125.2574K
Force: 254.9653
Particle A: Atom001
Particle B: Atom000
======
======
Distance: 0.3787nm
Energy: -125.3819K
Force: -190.2822
Particle A: Atom001
Particle B: Atom000
======
======
Distance: 0.3853nm
Energy: -123.1211K
Force: -480.4774
Particle A: Atom001
Particle B: Atom000
======
======
Distance: 0.3910nm
Energy: -119.8643K
Force: -652.1896
Particle A: Atom001
Particle B: Atom000
======
======
Distance: 0.3954nm
Energy: -116.7287K
Force: -746.8349
Particle A: Atom001
Particle B: Atom000
======
======
Distance: 0.3984nm
Energy: -114.4028K
Force: -794.6933
Particle A: Atom001
Particle B: Atom000
======
======
Distance: 0.3999nm
Energy: -113.2440K
Force: -813.6376
Particle A: Atom001
Particle B: Atom000
======
======
Distance: 0.3997nm
Energy: -113.3929K
Force: -811.3593
Particle A: Atom001
Particle B: Atom000
======
======
Distance: 0.3979nm
Energy: -114.8326K
Force: -786.9116
Particle A: Atom001
Particle B: Atom000
======
======
Distance: 0.3945nm
Energy: -117.3815K
Force: -730.5012
Particle A: Atom001
Particle B: Atom000
======
======
Distance: 0.3898nm
Energy: -120.6187K
Force: -621.6358
Particle A: Atom001
Particle B: Atom000
======
======
Distance: 0.3838nm
Energy: -123.7643K
Force: -427.1388
Particle A: Atom001
Particle B: Atom000
======
======
Distance: 0.3772nm
Energy: -125.6095K
Force: -104.4223
Particle A: Atom001
Particle B: Atom000
======
======
Distance: 0.3704nm
Energy: -124.7864K
Force: 376.7918
Particle A: Atom001
Particle B: Atom000
======
======
Distance: 0.3644nm
Energy: -120.8048K
Force: 978.1885
Particle A: Atom001
Particle B: Atom000
======
======
Distance: 0.3602nm
Energy: -115.5822K
Force: 1525.3454
Particle A: Atom001
Particle B: Atom000
======
======
Distance: 0.3587nm
Energy: -113.1442K
Force: 1749.2628
Particle A: Atom001
Particle B: Atom000
======
======
Distance: 0.3602nm
Energy: -115.7237K
Force: 1511.9047
Particle A: Atom001
Particle B: Atom000
======
======
Distance: 0.3645nm
Energy: -120.9642K
Force: 959.0838
Particle A: Atom001
Particle B: Atom000
======
======
Distance: 0.3706nm
Energy: -124.8616K
Force: 359.5762
Particle A: Atom001
Particle B: Atom000
======
======
Distance: 0.3774nm
Energy: -125.5860K
Force: -116.7606
Particle A: Atom001
Particle B: Atom000
======
======
Distance: 0.3840nm
Energy: -123.6789K
Force: -434.8880
Particle A: Atom001
Particle B: Atom000
======
======
Distance: 0.3899nm
Energy: -120.5141K
Force: -626.1141
Particle A: Atom001
Particle B: Atom000
======
======
Distance: 0.3947nm
Energy: -117.2884K
Force: -732.9216
Particle A: Atom001
Particle B: Atom000
======
======
Distance: 0.3980nm
Energy: -114.7688K
Force: -788.0940
Particle A: Atom001
Particle B: Atom000
======
======
Distance: 0.3997nm
Energy: -113.3671K
Force: -811.7564
Particle A: Atom001
Particle B: Atom000
======
======
Distance: 0.3999nm
Energy: -113.2591K
Force: -813.4078
Particle A: Atom001
Particle B: Atom000
======
======
Distance: 0.3984nm
Energy: -114.4570K
Force: -793.7346
Particle A: Atom001
Particle B: Atom000
======
======
Distance: 0.3953nm
Energy: -116.8148K
Force: -744.7616
Particle A: Atom001
Particle B: Atom000
======
======
Distance: 0.3908nm
Energy: -119.9669K
Force: -648.2629
Particle A: Atom001
Particle B: Atom000
======
======
Distance: 0.3851nm
Energy: -123.2122K
Force: -473.5553
Particle A: Atom001
Particle B: Atom000
======
======
Distance: 0.3785nm
Energy: -125.4207K
Force: -179.0062
Particle A: Atom001
Particle B: Atom000
======
======
Distance: 0.3717nm
Energy: -125.2030K
Force: 271.2562
Particle A: Atom001
Particle B: Atom000
======
======
Distance: 0.3654nm
Energy: -121.7759K
Force: 858.1975
Particle A: Atom001
Particle B: Atom000
======
======
Distance: 0.3608nm
Energy: -116.5087K
Force: 1436.2710
Particle A: Atom001
Particle B: Atom000
======
======
Distance: 0.3587nm
Energy: -113.2294K
Force: 1741.6500
Particle A: Atom001
Particle B: Atom000
======
======
Distance: 0.3597nm
Energy: -114.8858K
Force: 1590.7341
Particle A: Atom001
Particle B: Atom000
======
======
Distance: 0.3635nm
Energy: -119.9442K
Force: 1077.9127
Particle A: Atom001
Particle B: Atom000
======
======
Distance: 0.3693nm
Energy: -124.3383K
Force: 469.3505
Particle A: Atom001
Particle B: Atom000
======
======
Distance: 0.3761nm
Energy: -125.6891K
Force: -37.0442
Particle A: Atom001
Particle B: Atom000
======
======
Distance: 0.3828nm
Energy: -124.1907K
Force: -384.4735
Particle A: Atom001
Particle B: Atom000
======
======
Distance: 0.3889nm
Energy: -121.1636K
Force: -596.8812
Particle A: Atom001
Particle B: Atom000
======
======
Distance: 0.3939nm
Energy: -117.8762K
Force: -717.0968
Particle A: Atom001
Particle B: Atom000
======
======
Distance: 0.3975nm
Energy: -115.1780K
Force: -780.3370
Particle A: Atom001
Particle B: Atom000
======
======
Distance: 0.3995nm
Energy: -113.5396K
Force: -809.0716
Particle A: Atom001
Particle B: Atom000
======
======
Distance: 0.4000nm
Energy: -113.1749K
Force: -814.6797
Particle A: Atom001
Particle B: Atom000
======
======
Distance: 0.3988nm
Energy: -114.1255K
Force: -799.4882
Particle A: Atom001
Particle B: Atom000
======
======
Distance: 0.3960nm
Energy: -116.2787K
Force: -757.2786
Particle A: Atom001
Particle B: Atom000
======
======
Distance: 0.3918nm
Energy: -119.3193K
Force: -671.9990
Particle A: Atom001
Particle B: Atom000
======
======
Distance: 0.3863nm
Energy: -122.6216K
Force: -515.4851
Particle A: Atom001
Particle B: Atom000
======
======
Distance: 0.3798nm
Energy: -125.1388K
Force: -247.6284
Particle A: Atom001
Particle B: Atom000
======
======
Distance: 0.3730nm
Energy: -125.4920K
Force: 171.1949
Particle A: Atom001
Particle B: Atom000
======
======
Distance: 0.3665nm
Energy: -122.6692K
Force: 738.2312
Particle A: Atom001
Particle B: Atom000
======
======
Distance: 0.3615nm
Energy: -117.5131K
Force: 1336.6211
Particle A: Atom001
Particle B: Atom000
======
======
Distance: 0.3589nm
Energy: -113.5176K
Force: 1715.8230
Particle A: Atom001
Particle B: Atom000
======
======
Distance: 0.3593nm
Energy: -114.1841K
Force: 1655.4160
Particle A: Atom001
Particle B: Atom000
======
======
Distance: 0.3626nm
Energy: -118.8910K
Force: 1193.5435
Particle A: Atom001
Particle B: Atom000
======
======
Distance: 0.3681nm
Energy: -123.6911K
Force: 583.5444
Particle A: Atom001
Particle B: Atom000
======
======
Distance: 0.3747nm
Energy: -125.6818K
Force: 48.9577
Particle A: Atom001
Particle B: Atom000
======
======
Distance: 0.3815nm
Energy: -124.6459K
Force: -328.8955
Particle A: Atom001
Particle B: Atom000
======
======
Distance: 0.3878nm
Energy: -121.8052K
Force: -564.1866
Particle A: Atom001
Particle B: Atom000
======
======
Distance: 0.3930nm
Energy: -118.4878K
Force: -699.1562
Particle A: Atom001
Particle B: Atom000
======
======
Distance: 0.3969nm
Energy: -115.6282K
Force: -771.3089
Particle A: Atom001
Particle B: Atom000
======
======
Distance: 0.3992nm
Energy: -113.7606K
Force: -805.5404
Particle A: Atom001
Particle B: Atom000
======
======
Distance: 0.4000nm
Energy: -113.1407K
Force: -815.1932
Particle A: Atom001
Particle B: Atom000
======
======
Distance: 0.3991nm
Energy: -113.8396K
Force: -804.2551
Particle A: Atom001
Particle B: Atom000
======
======
Distance: 0.3967nm
Energy: -115.7765K
Force: -768.2154
Particle A: Atom001
Particle B: Atom000
======
======
Distance: 0.3927nm
Energy: -118.6824K
Force: -693.1030
Particle A: Atom001
Particle B: Atom000
======
======
Distance: 0.3874nm
Energy: -122.0021K
Force: -553.2533
Particle A: Atom001
Particle B: Atom000
======

0.3816078: Average distance
0.3754635: Equilibrium distance

% Error: +1.64%