
======
Distance: 0.4000nm
Energy: -113.1636K
Force: -814.8503
Particle A: Atom(s=0.3999897985142499032175309852, v=-0.02040193241903758414072525349)
Particle B: Atom(s=0.00001020148575009678246901407089, v=0.02040193241903758414072525349)
======
======
Distance: 0.3999nm
Energy: -113.2134K
Force: -814.1004
Particle A: Atom(s=0.3999592002982215596310454070, v=-0.04079137130437674187655710510)
Particle B: Atom(s=0.00004079970177844036895458811285, v=0.04079137130437674187655710510)
======
======
Distance: 0.3998nm
Energy: -113.2963K
Force: -812.8418
Particle A: Atom(s=0.3999082241415424982932462294, v=-0.06115569174587600185611094512)
Particle B: Atom(s=0.00009177585845750170675376336988, v=0.06115569174587600185611094512)
======
======
Distance: 0.3997nm
Energy: -113.4121K
Force: -811.0613
Particle A: Atom(s=0.3998369015789234488202233338, v=-0.08148200642172327704015915997)
Particle B: Atom(s=0.0001630984210765511797766576086, v=0.08148200642172327704015915997)
======
======
Distance: 0.3995nm
Energy: -113.5606K
Force: -808.7405
Particle A: Atom(s=0.3997452772191110818630170844, v=-0.1017570321421039850127236789)
Particle B: Atom(s=0.0002547227808889181369829061652, v=0.1017570321421039850127236789)
======
======
Distance: 0.3993nm
Energy: -113.7412K
Force: -805.8553
Particle A: Atom(s=0.3996334092085682047542434306, v=-0.1219669537023400006809356431)
Particle B: Atom(s=0.0003665907914317952457565622289, v=0.1219669537023400006809356431)
======
======
Distance: 0.3990nm
Energy: -113.9535K
Force: -802.3761
Particle A: Atom(s=0.3995013698330152532872335312, v=-0.1420972841605660421461793958)
Particle B: Atom(s=0.0004986301669847467127664632911, v=0.1420972841605660421461793958)
======
======
Distance: 0.3987nm
Energy: -114.1970K
Force: -798.2673
Particle A: Atom(s=0.3993492462608459282971325051, v=-0.1621327206677763740456851171)
Particle B: Atom(s=0.0006507537391540717028674869638, v=0.1621327206677763740456851171)
======
======
Distance: 0.3984nm
Energy: -114.4710K
Force: -793.4873
Particle A: Atom(s=0.3991771414332929961626577763, v=-0.1820569949973279974537448156)
Particle B: Atom(s=0.0008228585667070038373422157226, v=0.1820569949973279974537448156)
======
======
Distance: 0.3980nm
Energy: -114.7746K
Force: -787.9881
Particle A: Atom(s=0.3989851751070599857123689885, v=-0.2018527179490927219196721188)
Particle B: Atom(s=0.001014824892940014287631000837, v=0.2018527179490927219196721188)
======
======
Distance: 0.3975nm
Energy: -115.1069K
Force: -781.7151
Particle A: Atom(s=0.3987734850559404697745240279, v=-0.2215012168434195614563734699)
Particle B: Atom(s=0.001226514944059530225475959420, v=0.2215012168434195614563734699)
======
======
Distance: 0.3971nm
Energy: -115.4668K
Force: -774.6067
Particle A: Atom(s=0.3985422284387051466377774964, v=-0.2409823653756491855186602848)
Particle B: Atom(s=0.001457771561294853362222486700, v=0.2409823653756491855186602848)
======
======
Distance: 0.3966nm
Energy: -115.8531K
Force: -766.5941
Particle A: Atom(s=0.3982915833412302007525087303, v=-0.2602744051777112182349774715)
Particle B: Atom(s=0.001708416658769799247491252578, v=0.2602744051777112182349774715)
======
======
Distance: 0.3960nm
Energy: -116.2644K
Force: -757.6006
Particle A: Atom(s=0.3980217505014455151155414193, v=-0.2793537585349049931427689284)
Particle B: Atom(s=0.001978249498554484884458558614, v=0.2793537585349049931427689284)
======
======
Distance: 0.3955nm
Energy: -116.6991K
Force: -747.5418
Particle A: Atom(s=0.3977329552261692058015686433, v=-0.2981948318399990647017032958)
Particle B: Atom(s=0.002267044773830794198431339087, v=0.2981948318399990647017032958)
======
======
Distance: 0.3949nm
Energy: -117.1554K
Force: -736.3245
Particle A: Atom(s=0.3974254495092293271225316262, v=-0.3167698095412264119348816015)
Particle B: Atom(s=0.002574550490770672877468351875, v=0.3167698095412264119348816015)
======
======
Distance: 0.3942nm
Energy: -117.6313K
Force: -723.8471
Particle A: Atom(s=0.3970995143604094965549833884, v=-0.3350484385649477676366926387)
Particle B: Atom(s=0.002900485639590503445016586338, v=0.3350484385649477676366926387)
======
======
Distance: 0.3935nm
Energy: -118.1247K
Force: -709.9985
Particle A: Atom(s=0.3967554623546375471235308064, v=-0.3529978034785941232887009867)
Particle B: Atom(s=0.003244537645362452876469163410, v=0.3529978034785941232887009867)
======
======
Distance: 0.3928nm
Energy: -118.6330K
Force: -694.6583
Particle A: Atom(s=0.3963936404103983577891917457, v=-0.3705820930175251809170131758)
Particle B: Atom(s=0.003606359589601642210808221989, v=0.3705820930175251809170131758)
======
======
Distance: 0.3920nm
Energy: -119.1534K
Force: -677.6963
Particle A: Atom(s=0.3960144328055135647890737672, v=-0.3877623590449172091578103386)
Particle B: Atom(s=0.003985567194486435210926200422, v=0.3877623590449172091578103386)
======
======
Distance: 0.3912nm
Energy: -119.6831K
Force: -658.9722
Particle A: Atom(s=0.3956182644370966213256143976, v=-0.4044962695626923302936549396)
Particle B: Atom(s=0.004381735562903378674385569677, v=0.4044962695626923302936549396)
======
======
Distance: 0.3904nm
Energy: -120.2185K
Force: -638.3360
Particle A: Atom(s=0.3952056043305495763639040441, v=-0.4207378580613674834465469656)
Particle B: Atom(s=0.004794395669450423636095923620, v=0.4207378580613674834465469656)
======
======
Distance: 0.3896nm
Energy: -120.7561K
Force: -615.6274
Particle A: Atom(s=0.3947769693997876978392965173, v=-0.4364372723063495923639557288)
Particle B: Atom(s=0.005223030600212302160703445324, v=0.4364372723063495923639557288)
======
======
Distance: 0.3887nm
Energy: -121.2918K
Force: -590.6763
Particle A: Atom(s=0.3943329284573101518120148744, v=-0.4515405266271664997090497169)
Particle B: Atom(s=0.005667071542689848187985086872, v=0.4515405266271664997090497169)
======
======
Distance: 0.3877nm
Energy: -121.8214K
Force: -563.3036
Particle A: Atom(s=0.3938741064681103069149963398, v=-0.4659892629237694623784077930)
Particle B: Atom(s=0.006125893531889693085003618678, v=0.4659892629237694623784077930)
======
======
Distance: 0.3868nm
Energy: -122.3402K
Force: -533.3215
Particle A: Atom(s=0.3934011890355500455608089659, v=-0.4797205269482550756245181846)
Particle B: Atom(s=0.006598810964449954439190994138, v=0.4797205269482550756245181846)
======
======
Distance: 0.3858nm
Energy: -122.8431K
Force: -500.5347
Particle A: Atom(s=0.3929149271000045315302746096, v=-0.4926665679756431496929363690)
Particle B: Atom(s=0.007085072899995468469725348909, v=0.4926665679756431496929363690)
======
======
Distance: 0.3848nm
Energy: -123.3247K
Force: -464.7421
Particle A: Atom(s=0.3924161418221012310545349314, v=-0.5047546717522600431030577596)
Particle B: Atom(s=0.007583858177898768945465034509, v=0.5047546717522600431030577596)
======
======
Distance: 0.3838nm
Energy: -123.7794K
Force: -425.7390
Particle A: Atom(s=0.3919057296115094637900453313, v=-0.5159070386039556103856273963)
Particle B: Atom(s=0.008094270388490536209954637670, v=0.5159070386039556103856273963)
======
======
Distance: 0.3828nm
Energy: -124.2012K
Force: -383.3194
Particle A: Atom(s=0.3913846672492715887123581759, v=-0.5260407207841267225182047696)
Particle B: Atom(s=0.008615332750728411287641797422, v=0.5260407207841267225182047696)
======
======
Distance: 0.3817nm
Energy: -124.5839K
Force: -337.2795
Particle A: Atom(s=0.3908540170364152025742560506, v=-0.5350676355092601330758492370)
Particle B: Atom(s=0.009145982963584797425743921183, v=0.5350676355092601330758492370)
======
======
Distance: 0.3806nm
Energy: -124.9209K
Force: -287.4223
Particle A: Atom(s=0.3903149318839050260244797719, v=-0.5428946726073392640789635771)
Particle B: Atom(s=0.009685068116094973975520196626, v=0.5428946726073392640789635771)
======
======
Distance: 0.3795nm
Energy: -125.2059K
Force: -233.5619
Particle A: Atom(s=0.3897686602388173442409299322, v=-0.5494239181981514212777140973)
Particle B: Atom(s=0.01023133976118265575907003808, v=0.5494239181981514212777140973)
======
======
Distance: 0.3784nm
Energy: -125.4321K
Force: -175.5305
Particle A: Atom(s=0.3892165507189970197382912537, v=-0.5545530181982817211366301299)
Particle B: Atom(s=0.01078344928100298026170871465, v=0.5545530181982817211366301299)
======
======
Distance: 0.3773nm
Energy: -125.5931K
Force: -113.1848
Particle A: Atom(s=0.3886600563035959577226911917, v=-0.5581757075106106563164821339)
Particle B: Atom(s=0.01133994369640404227730877546, v=0.5581757075106106563164821339)
======
======
Distance: 0.3762nm
Energy: -125.6828K
Force: -46.4147
Particle A: Atom(s=0.3881007379002167104742936650, v=-0.5601825322731026193280865868)
Particle B: Atom(s=0.01189926209978328952570630013, v=0.5601825322731026193280865868)
======
======
Distance: 0.3751nm
Energy: -125.6953K
Force: 24.8474
Particle A: Atom(s=0.3875402670815969464113696546, v=-0.5604617931951827142854049129)
Particle B: Atom(s=0.01245973291840305358863031195, v=0.5604617931951827142854049129)
======
======
Distance: 0.3740nm
Energy: -125.6255K
Force: 100.6163
Particle A: Atom(s=0.3869804277569132202333266802, v=-0.5589007374274593747375443755)
Particle B: Atom(s=0.01301957224308677976667328239, v=0.5589007374274593747375443755)
======
======
Distance: 0.3728nm
Energy: -125.4691K
Force: 180.8422
Particle A: Atom(s=0.3864231165163043925778216848, v=-0.5553870241581071745263081067)
Particle B: Atom(s=0.01357688348369560742217827884, v=0.5553870241581071745263081067)
======
======
Distance: 0.3717nm
Energy: -125.2229K
Force: 265.3994
Particle A: Atom(s=0.3858703413640219411872197760, v=-0.5498104847299754565873173201)
Particle B: Atom(s=0.01412965863597805881278018762, v=0.5498104847299754565873173201)
======
======
Distance: 0.3706nm
Energy: -124.8850K
Force: 354.0727
Particle A: Atom(s=0.3853242185380986431171244679, v=-0.5420651910365120813716071119)
Particle B: Atom(s=0.01467578146190135688287549123, v=0.5420651910365120813716071119)
======
======
Distance: 0.3696nm
Energy: -124.4554K
Force: 446.5463
Particle A: Atom(s=0.3847869671054586226710257257, v=-0.5320518358260979202567870001)
Particle B: Atom(s=0.01521303289454137732897423055, v=0.5320518358260979202567870001)
======
======
Distance: 0.3685nm
Energy: -123.9356K
Force: 542.3909
Particle A: Atom(s=0.3842609010242523148980630947, v=-0.5196804149682664311625207445)
Particle B: Atom(s=0.01573909897574768510193685982, v=0.5196804149682664311625207445)
======
======
Distance: 0.3675nm
Energy: -123.3295K
Force: 641.0547
Particle A: Atom(s=0.3837484183834409324180492399, v=-0.5048731845431250795688868985)
Particle B: Atom(s=0.01625158161655906758195071367, v=0.5048731845431250795688868985)
======
======
Distance: 0.3665nm
Energy: -122.6435K
Force: 741.8546
Particle A: Atom(s=0.3832519875668610465444716159, v=-0.4875678449273416328186486204)
Particle B: Atom(s=0.01674801243313895345552833343, v=0.4875678449273416328186486204)
======
======
Distance: 0.3655nm
Energy: -121.8861K
Force: 843.9725
Particle A: Atom(s=0.3827741301484453035477378076, v=-0.4677208803843815045772249064)
Particle B: Atom(s=0.01722586985155469645226214327, v=0.4677208803843815045772249064)
======
======
Distance: 0.3646nm
Energy: -121.0687K
Force: 946.4547
Particle A: Atom(s=0.3823174004094744103860618897, v=-0.4453109570405790193026190728)
Particle B: Atom(s=0.01768259959052558961393806234, v=0.4453109570405790193026190728)
======
======
Distance: 0.3638nm
Energy: -120.2052K
Force: 1048.2178
Particle A: Atom(s=0.3818843614789038758024863605, v=-0.4203422561305201220758342366)
Particle B: Atom(s=0.01811563852109612419751359297, v=0.4203422561305201220758342366)
======
======
Distance: 0.3630nm
Energy: -119.3121K
Force: 1148.0597
Particle A: Atom(s=0.3814775582332786101874858179, v=-0.3928475951999901795963806599)
Particle B: Atom(s=0.01852244176672138981251413043, v=0.3928475951999901795963806599)
======
======
Distance: 0.3622nm
Energy: -118.4077K
Force: 1244.6792
Particle A: Atom(s=0.3810994872504082496598108713, v=-0.3628911702535506139454964828)
Particle B: Atom(s=0.01890051274959175034018907944, v=0.3628911702535506139454964828)
======
======
Distance: 0.3615nm
Energy: -117.5123K
Force: 1336.7011
Particle A: Atom(s=0.3807525642848356819452742529, v=-0.3305707396536866889410729636)
Particle B: Atom(s=0.01924743571516431805472569999, v=0.3305707396536866889410729636)
======
======
Distance: 0.3609nm
Energy: -116.6474K
Force: 1422.7096
Particle A: Atom(s=0.3804390899141264909425493365, v=-0.2960190689797263157666472797)
Particle B: Atom(s=0.01956091008587350905745061639, v=0.2960190689797263157666472797)
======
======
Distance: 0.3603nm
Energy: -115.8350K
Force: 1501.2878
Particle A: Atom(s=0.3801612141811657443936655645, v=-0.2594044677159788912667467042)
Particle B: Atom(s=0.01983878581883425560633439295, v=0.2594044677159788912667467042)
======
======
Distance: 0.3598nm
Energy: -115.0968K
Force: 1571.0615
Particle A: Atom(s=0.3799209012147127812359759774, v=-0.2209302753685727245961559580)
Particle B: Atom(s=0.02007909878528721876402398271, v=0.2209302753685727245961559580)
======
======
Distance: 0.3594nm
Energy: -114.4532K
Force: 1630.7470
Particle A: Atom(s=0.3797198949330092137839676025, v=-0.1808331968579159306469449399)
Particle B: Atom(s=0.02028010506699078621603235574, v=0.1808331968579159306469449399)
======
======
Distance: 0.3591nm
Energy: -113.9229K
Force: 1679.1986
Particle A: Atom(s=0.3795596870082382041707294492, v=-0.1393804434911667743331864466)
Particle B: Atom(s=0.02044031299176179582927050638, v=0.1393804434911667743331864466)
======
======
Distance: 0.3589nm
Energy: -113.5217K
Force: 1715.4538
Particle A: Atom(s=0.3794414882803499534199878607, v=-0.09686570322784596422514589135)
Particle B: Atom(s=0.02055851171965004658001210253, v=0.09686570322784596422514589135)
======
======
Distance: 0.3587nm
Energy: -113.2616K
Force: 1738.7735
Particle A: Atom(s=0.3793662047486632397061519850, v=-0.05360403719764887697062197689)
Particle B: Atom(s=0.02063379525133676029384797717, v=0.05360403719764887697062197689)
======
======
Distance: 0.3587nm
Energy: -113.1508K
Force: 1748.6737
Particle A: Atom(s=0.3793344191360649391426395490, v=-0.009925871976811875389727479527)
Particle B: Atom(s=0.02066558086393506085736041394, v=0.009925871976811875389727479527)
======
======
Distance: 0.3587nm
Energy: -113.1925K
Force: 1744.9467
Particle A: Atom(s=0.3793463788178432533480726561, v=0.03382967822947622016071185499)
Particle B: Atom(s=0.02065362118215674665192730614, v=-0.03382967822947622016071185499)
======
======
Distance: 0.3588nm
Energy: -113.3856K
Force: 1727.6710
Particle A: Atom(s=0.3794019906466357002568119591, v=0.07732187552783867196867956565)
Particle B: Atom(s=0.02059800935336429974318800441, v=-0.07732187552783867196867956565)
======
======
Distance: 0.3590nm
Energy: -113.7241K
Force: 1697.2070
Particle A: Atom(s=0.3795008229044151538364172377, v=0.1202154950194791415252284734)
Particle B: Atom(s=0.02049917709558484616358272762, v=-0.1202154950194791415252284734)
======
======
Distance: 0.3593nm
Energy: -114.1976K
Force: 1654.1815
Particle A: Atom(s=0.3796421142942017542495785644, v=0.1621877152473570462776742159)
Particle B: Atom(s=0.02035788570579824575042139520, v=-0.1621877152473570462776742159)
======
======
Distance: 0.3596nm
Energy: -114.7919K
Force: 1599.4602
Particle A: Atom(s=0.3798247895726574563725881947, v=0.2029344623027241012107327800)
Particle B: Atom(s=0.02017521042734254362741176428, v=-0.2029344623027241012107327800)
======
======
Distance: 0.3601nm
Energy: -115.4897K
Force: 1534.1109
Particle A: Atom(s=0.3800474811434925520015327193, v=0.2421759486286195816865187358)
Particle B: Atom(s=0.01995251885650744799846724386, v=-0.2421759486286195816865187358)
======
======
Distance: 0.3606nm
Energy: -116.2711K
Force: 1459.3608
Particle A: Atom(s=0.3803085557007949541677673937, v=0.2796612062779599061815987399)
Particle B: Atom(s=0.01969144429920504583223257269, v=-0.2796612062779599061815987399)
======
======
Distance: 0.3612nm
Energy: -117.1149K
Force: 1376.5487
Particle A: Atom(s=0.3806061448454488595355795533, v=0.3151714842443325466934904901)
Particle B: Atom(s=0.01939385515455114046442041323, v=-0.3151714842443325466934904901)
======
======
Distance: 0.3619nm
Energy: -117.9991K
Force: 1287.0780
Particle A: Atom(s=0.3809381785042999962725666984, v=0.3485224532836747715555870267)
Particle B: Atom(s=0.01906182149570000372743326343, v=-0.3485224532836747715555870267)
======
======
Distance: 0.3626nm
Energy: -118.9020K
Force: 1192.3703
Particle A: Atom(s=0.3813024199610542707027516015, v=0.3795652324349777028532313483)
Particle B: Atom(s=0.01869758003894572929724836046, v=-0.3795652324349777028532313483)
======
======
Distance: 0.3634nm
Energy: -119.8027K
Force: 1093.8235
Particle A: Atom(s=0.3816965013540161765511182699, v=0.4081863133948286534474115160)
Particle B: Atom(s=0.01830349864598382344888169179, v=-0.4081863133948286534474115160)
======
======
Distance: 0.3642nm
Energy: -120.6818K
Force: 992.7762
Particle A: Atom(s=0.3821179585976161703525194044, v=0.4343065078718076693833228462)
Particle B: Atom(s=0.01788204140238382964748055861, v=-0.4343065078718076693833228462)
======
======
Distance: 0.3651nm
Energy: -121.5219K
Force: 890.4781
Particle A: Atom(s=0.3825642648280110336275982186, v=0.4578790768583439862888979847)
Particle B: Atom(s=0.01743573517198896637240174729, v=-0.4578790768583439862888979847)
======
======
Distance: 0.3661nm
Energy: -122.3081K
Force: 788.0685
Particle A: Atom(s=0.3830328616424080959881985750, v=0.4788872191011003926803407065)
Particle B: Atom(s=0.01696713835759190401180139120, v=-0.4788872191011003926803407065)
======
======
Distance: 0.3670nm
Energy: -123.0278K
Force: 686.5608
Particle A: Atom(s=0.3835211875822076414105653291, v=0.4973411001756328956821957172)
Particle B: Atom(s=0.01647881241779235858943463967, v=-0.4973411001756328956821957172)
======
======
Distance: 0.3681nm
Energy: -123.6711K
Force: 586.8349
Particle A: Atom(s=0.3840267034884619225986476113, v=0.5132745958236437723761211054)
Particle B: Atom(s=0.01597329651153807740135235311, v=-0.5132745958236437723761211054)
======
======
Distance: 0.3691nm
Energy: -124.2306K
Force: 489.6349
Particle A: Atom(s=0.3845469145240843525191365204, v=0.5267419065358933490486141535)
Particle B: Atom(s=0.01545308547591564748086344825, v=-0.5267419065358933490486141535)
======
======
Distance: 0.3702nm
Energy: -124.7015K
Force: 395.5715
Particle A: Atom(s=0.3850793888033290087334831541, v=0.5378141778477011888372824816)
Particle B: Atom(s=0.01492061119667099126651681617, v=-0.5378141778477011888372824816)
======
======
Distance: 0.3712nm
Energy: -125.0810K
Force: 305.1282
Particle A: Atom(s=0.3856217726909237920003075354, v=0.5465762353301140430396448064)
Particle B: Atom(s=0.01437822730907620799969243307, v=-0.5465762353301140430396448064)
======
======
Distance: 0.3723nm
Energy: -125.3687K
Force: 218.6711
Particle A: Atom(s=0.3861718029291686991643401356, v=0.5531235172321849382083594057)
Particle B: Atom(s=0.01382819707083130083565982929, v=-0.5531235172321849382083594057)
======
======
Distance: 0.3735nm
Energy: -125.5655K
Force: 136.4595
Particle A: Atom(s=0.3867273158217378092073171163, v=0.5575592630154420031064673983)
Particle B: Atom(s=0.01327268417826219079268284627, v=-0.5575592630154420031064673983)
======
======
Distance: 0.3746nm
Energy: -125.6741K
Force: 58.6580
Particle A: Atom(s=0.3872862537498457741249749406, v=0.5599919938907211936211946489)
Particle B: Atom(s=0.01271374625015422587502502500, v=-0.5599919938907211936211946489)
======
======
Distance: 0.3757nm
Energy: -125.6983K
Force: -14.6504
Particle A: Atom(s=0.3878466693228482792923710462, v=0.5605333026532572605293608979)
Particle B: Atom(s=0.01215333067715172070762891994, v=-0.5605333026532572605293608979)
======
======
Distance: 0.3768nm
Energy: -125.6430K
Force: -83.4530
Particle A: Atom(s=0.3884067274747340858879565009, v=0.5592959549014856071158412882)
Particle B: Atom(s=0.01159327252526591411204346554, v=-0.5592959549014856071158412882)
======
======
Distance: 0.3779nm
Energy: -125.5136K
Force: -147.7945
Particle A: Atom(s=0.3889647058139359187416864662, v=0.5563922920675881250553797326)
Particle B: Atom(s=0.01103529418606408125831349992, v=-0.5563922920675881250553797326)
======
======
Distance: 0.3790nm
Energy: -125.3161K
Force: -207.7672
Particle A: Atom(s=0.3895189935198656613921972729, v=0.5519329183012413319967785060)
Particle B: Atom(s=0.01048100648013433860780268962, v=-0.5519329183012413319967785060)
======
======
Distance: 0.3801nm
Energy: -125.0570K
Force: -263.5003
Particle A: Atom(s=0.3900680890586351214724156367, v=0.5460256477127184005143925023)
Particle B: Atom(s=0.009931910941364878527584325007, v=-0.5460256477127184005143925023)
======
======
Distance: 0.3812nm
Energy: -124.7428K
Force: -315.1515
Particle A: Atom(s=0.3906105969651701232959844290, v=0.5387746853160368549180104913)
Particle B: Atom(s=0.009389403034829876704015529395, v=-0.5387746853160368549180104913)
======
======
Distance: 0.3823nm
Energy: -124.3800K
Force: -362.8992
Particle A: Atom(s=0.3911452239114876560423412454, v=0.5302800137297354607180324564)
Particle B: Atom(s=0.008854776088512343957658710209, v=-0.5302800137297354607180324564)
======
======
Distance: 0.3833nm
Energy: -123.9752K
Force: -406.9361
Particle A: Atom(s=0.3916707742529337951273105865, v=0.5206369578359634212560901221)
Particle B: Atom(s=0.008329225747066204872689367107, v=-0.5206369578359634212560901221)
======
======
Distance: 0.3844nm
Energy: -123.5346K
Force: -447.4636
Particle A: Atom(s=0.3921861452168939269030631675, v=0.5099359007651231178259062022)
Particle B: Atom(s=0.007813854783106073096936788512, v=-0.5099359007651231178259062022)
======
======
Distance: 0.3854nm
Energy: -123.0645K
Force: -484.6870
Particle A: Atom(s=0.3926903218727348344410439027, v=0.4982621264241356861293074000)
Particle B: Atom(s=0.007309678127265165558956054441, v=-0.4982621264241356861293074000)
======
======
Distance: 0.3864nm
Energy: -122.5705K
Force: -518.8121
Particle A: Atom(s=0.3931823719980624071232169990, v=0.4856957660475693067453978798)
Particle B: Atom(s=0.006817628001937592876782953724, v=-0.4856957660475693067453978798)
======
======
Distance: 0.3873nm
Energy: -122.0583K
Force: -550.0420
Particle A: Atom(s=0.3936614409350783600707811282, v=0.4723118287099077170641569095)
Particle B: Atom(s=0.006338559064921639929218825968, v=-0.4723118287099077170641569095)
======
======
Distance: 0.3883nm
Energy: -121.5330K
Force: -578.5746
Particle A: Atom(s=0.3941267465120090611728678610, v=0.4581802982361515079663665478)
Particle B: Atom(s=0.005873253487990938827132088932, v=-0.4581802982361515079663665478)
======
======
Distance: 0.3892nm
Energy: -120.9995K
Force: -604.6014
Particle A: Atom(s=0.3945775740882398176786933658, v=0.4433662813748497441749209810)
Particle B: Atom(s=0.005422425911760182321306583207, v=-0.4433662813748497441749209810)
======
======
Distance: 0.3900nm
Energy: -120.4622K
Force: -628.3056
Particle A: Atom(s=0.3950132717678067882767719026, v=0.4279301943781600589124070480)
Particle B: Atom(s=0.004986728232193211723228046280, v=-0.4279301943781600589124070480)
======
======
Distance: 0.3909nm
Energy: -119.9253K
Force: -649.8614
Particle A: Atom(s=0.3954332458141050259449111959, v=0.4119279772226443850786291417)
Particle B: Atom(s=0.004566754185894974055088749124, v=-0.4119279772226443850786291417)
======
======
Distance: 0.3917nm
Energy: -119.3926K
Force: -669.4336
Particle A: Atom(s=0.3958369562888606785532080421, v=0.3954113265794925100180083998)
Particle B: Atom(s=0.004163043711139321446791900246, v=-0.3954113265794925100180083998)
======
======
Distance: 0.3924nm
Energy: -118.8676K
Force: -687.1768
Particle A: Atom(s=0.3962239129303695639481732614, v=0.3784279402972039569880316471)
Particle B: Atom(s=0.003776087069630436051826677345, v=-0.3784279402972039569880316471)
======
======
Distance: 0.3932nm
Energy: -118.3535K
Force: -703.2360
Particle A: Atom(s=0.3965936712795041657825483788, v=0.3610217675982152081850316026)
Particle B: Atom(s=0.003406328720495834217451564356, v=-0.3610217675982152081850316026)
======
 Average distance: 0.3782612
 0.745113631823846048726202000